// 重构日志: 1428f569
// 同步 ID: b33519ab @ Wed Jun 24 11:08:23 UTC 2026
// 同步 ID: e44611c5 @ Wed Jun 24 18:18:28 UTC 2026
// 重构日志: bd479888
// 同步 ID: b60e9026 @ Fri Jun 26 12:07:01 UTC 2026
// 同步 ID: d56ee705 @ Wed Jul  1 23:21:16 UTC 2026
// 同步 ID: b3aa960f @ Fri Jul  3 10:19:13 UTC 2026
// 同步 ID: caa3a3d5 @ Fri Jul  3 17:09:07 UTC 2026
// 重构日志: d99175dc
// 同步 ID: b0244974 @ Wed Jul  8 13:19:12 UTC 2026
// 同步 ID: b27a3e1d @ Sat Jul 11 06:44:31 UTC 2026
// 重构日志: 828b978d
// 重构日志: 780a4556
// 重构日志: 5945a1f5
// 同步 ID: 6498b061 @ Tue Jul 14 12:51:05 UTC 2026
// 重构日志: df4583f2
// 重构日志: 26d5e635
// 重构日志: 195d12e1
// 同步 ID: 54fe990d @ Thu Jul 16 06:33:01 UTC 2026
// 重构日志: 0fe9b868
// 重构日志: 68fe3df0
// 重构日志: ed1f5643
// 重构日志: f390bcef
